<?xml version="1.0" encoding="UTF-8"?>
<!-- Generated by org.testng.reporters.JUnitReportReporter -->
<testsuite hostname="DESKTOP-L57BF9G" failures="0" tests="4" name="tests.SubmitOrderTest" time="38.202" errors="0" timestamp="2024-02-27T14:51:33 EET" skipped="0">
  <testcase classname="tests.SubmitOrderTest" name="submitOrder" time="10.762"/>
  <testcase classname="tests.SubmitOrderTest" name="submitOrder" time="10.330"/>
  <testcase classname="tests.SubmitOrderTest" name="submitOrder" time="10.329"/>
  <testcase classname="tests.SubmitOrderTest" name="orderHistoryTests" time="6.781"/>
</testsuite> <!-- tests.SubmitOrderTest -->
