<?xml version="1.0" encoding="UTF-8"?>
<!-- Generated by org.testng.reporters.JUnitReportReporter -->
<testsuite hostname="DESKTOP-L57BF9G" failures="0" tests="2" name="tests.ErrorValidationsTest" time="24.416" errors="0" timestamp="2024-02-27T14:51:33 EET" skipped="0">
  <testcase classname="tests.ErrorValidationsTest" name="loginErrorValidation" time="4.493"/>
  <testcase classname="tests.ErrorValidationsTest" name="productErrorValidation" time="19.923"/>
</testsuite> <!-- tests.ErrorValidationsTest -->
